<?xml version="1.0" encoding="UTF-8"?>
<!-- Generated by org.testng.reporters.JUnitXMLReporter -->
<testsuite hostname="LAPTOP-4DPE75CE" name="Test" tests="4" failures="0" timestamp="14 Jun 2023 11:20:35 GMT" time="43.187" errors="0">
  <testcase name="testFour" time="4.801" classname="tests.Four"/>
  <testcase name="testOne" time="5.326" classname="tests.One"/>
  <testcase name="testOneGoogle" time="4.645" classname="tests.One"/>
  <testcase name="testOneYoutube" time="11.176" classname="tests.One"/>
</testsuite> <!-- Test -->
