<?xml version="1.0" encoding="UTF-8"?>
<!-- Generated by org.testng.reporters.JUnitXMLReporter -->
<testsuite hostname="LAPTOP-4DPE75CE" name="Test" tests="4" failures="0" timestamp="16 Jun 2023 13:08:04 GMT" time="50.18" errors="0">
  <testcase name="testFour" time="3.087" classname="tests.Four"/>
  <testcase name="testOne" time="3.825" classname="tests.One"/>
  <testcase name="testOneGoogle" time="4.942" classname="tests.One"/>
  <testcase name="testOneYoutube" time="8.587" classname="tests.One"/>
</testsuite> <!-- Test -->
