<?xml version="1.0" encoding="UTF-8"?>
<testng-results skipped="0" failed="0" total="4" passed="4">
  <reporter-output>
  </reporter-output>
  <suite name="Suite" duration-ms="50180" started-at="2023-06-16T13:07:14Z" finished-at="2023-06-16T13:08:04Z">
    <groups>
    </groups>
    <test name="Test" duration-ms="50180" started-at="2023-06-16T13:07:14Z" finished-at="2023-06-16T13:08:04Z">
      <class name="tests.Four">
        <test-method status="PASS" signature="setup()[pri:0, instance:tests.Four@2fd6b6c7]" name="setup" is-config="true" duration-ms="9713" started-at="2023-06-16T18:37:14Z" finished-at="2023-06-16T18:37:23Z">
          <reporter-output>
          </reporter-output>
        </test-method> <!-- setup -->
        <test-method status="PASS" signature="testFour()[pri:0, instance:tests.Four@2fd6b6c7]" name="testFour" duration-ms="3087" started-at="2023-06-16T18:37:23Z" finished-at="2023-06-16T18:37:26Z">
          <reporter-output>
          </reporter-output>
        </test-method> <!-- testFour -->
        <test-method status="PASS" signature="tearDown()[pri:0, instance:tests.Four@2fd6b6c7]" name="tearDown" is-config="true" duration-ms="1403" started-at="2023-06-16T18:37:26Z" finished-at="2023-06-16T18:37:28Z">
          <reporter-output>
          </reporter-output>
        </test-method> <!-- tearDown -->
      </class> <!-- tests.Four -->
      <class name="tests.One">
        <test-method status="PASS" signature="setup()[pri:0, instance:tests.One@5bfa9431]" name="setup" is-config="true" duration-ms="4353" started-at="2023-06-16T18:37:28Z" finished-at="2023-06-16T18:37:32Z">
          <reporter-output>
          </reporter-output>
        </test-method> <!-- setup -->
        <test-method status="PASS" signature="testOne()[pri:0, instance:tests.One@5bfa9431]" name="testOne" duration-ms="3825" started-at="2023-06-16T18:37:32Z" finished-at="2023-06-16T18:37:36Z">
          <reporter-output>
          </reporter-output>
        </test-method> <!-- testOne -->
        <test-method status="PASS" signature="tearDown()[pri:0, instance:tests.One@5bfa9431]" name="tearDown" is-config="true" duration-ms="1236" started-at="2023-06-16T18:37:36Z" finished-at="2023-06-16T18:37:37Z">
          <reporter-output>
          </reporter-output>
        </test-method> <!-- tearDown -->
        <test-method status="PASS" signature="setup()[pri:0, instance:tests.One@5bfa9431]" name="setup" is-config="true" duration-ms="6015" started-at="2023-06-16T18:37:37Z" finished-at="2023-06-16T18:37:43Z">
          <reporter-output>
          </reporter-output>
        </test-method> <!-- setup -->
        <test-method status="PASS" signature="testOneGoogle()[pri:0, instance:tests.One@5bfa9431]" name="testOneGoogle" duration-ms="4942" started-at="2023-06-16T18:37:43Z" finished-at="2023-06-16T18:37:48Z">
          <reporter-output>
          </reporter-output>
        </test-method> <!-- testOneGoogle -->
        <test-method status="PASS" signature="tearDown()[pri:0, instance:tests.One@5bfa9431]" name="tearDown" is-config="true" duration-ms="1253" started-at="2023-06-16T18:37:48Z" finished-at="2023-06-16T18:37:49Z">
          <reporter-output>
          </reporter-output>
        </test-method> <!-- tearDown -->
        <test-method status="PASS" signature="setup()[pri:0, instance:tests.One@5bfa9431]" name="setup" is-config="true" duration-ms="4339" started-at="2023-06-16T18:37:49Z" finished-at="2023-06-16T18:37:54Z">
          <reporter-output>
          </reporter-output>
        </test-method> <!-- setup -->
        <test-method status="PASS" signature="testOneYoutube()[pri:0, instance:tests.One@5bfa9431]" name="testOneYoutube" duration-ms="8587" started-at="2023-06-16T18:37:54Z" finished-at="2023-06-16T18:38:02Z">
          <reporter-output>
          </reporter-output>
        </test-method> <!-- testOneYoutube -->
        <test-method status="PASS" signature="tearDown()[pri:0, instance:tests.One@5bfa9431]" name="tearDown" is-config="true" duration-ms="1393" started-at="2023-06-16T18:38:02Z" finished-at="2023-06-16T18:38:04Z">
          <reporter-output>
          </reporter-output>
        </test-method> <!-- tearDown -->
      </class> <!-- tests.One -->
    </test> <!-- Test -->
  </suite> <!-- Suite -->
</testng-results>
