<?xml version="1.0" encoding="UTF-8"?>
<testng-results skipped="0" failed="0" total="4" passed="4">
  <reporter-output>
  </reporter-output>
  <suite name="Suite" duration-ms="43187" started-at="2023-06-14T11:19:52Z" finished-at="2023-06-14T11:20:35Z">
    <groups>
    </groups>
    <test name="Test" duration-ms="43187" started-at="2023-06-14T11:19:52Z" finished-at="2023-06-14T11:20:35Z">
      <class name="tests.One">
        <test-method status="PASS" signature="setup()[pri:0, instance:tests.One@5223e5ee]" name="setup" is-config="true" duration-ms="1918" started-at="2023-06-14T16:50:05Z" finished-at="2023-06-14T16:50:07Z">
          <reporter-output>
          </reporter-output>
        </test-method> <!-- setup -->
        <test-method status="PASS" signature="testOne()[pri:0, instance:tests.One@5223e5ee]" name="testOne" duration-ms="5326" started-at="2023-06-14T16:50:07Z" finished-at="2023-06-14T16:50:12Z">
          <reporter-output>
          </reporter-output>
        </test-method> <!-- testOne -->
        <test-method status="PASS" signature="tearDown()[pri:0, instance:tests.One@5223e5ee]" name="tearDown" is-config="true" duration-ms="969" started-at="2023-06-14T16:50:12Z" finished-at="2023-06-14T16:50:13Z">
          <reporter-output>
          </reporter-output>
        </test-method> <!-- tearDown -->
        <test-method status="PASS" signature="setup()[pri:0, instance:tests.One@5223e5ee]" name="setup" is-config="true" duration-ms="1758" started-at="2023-06-14T16:50:13Z" finished-at="2023-06-14T16:50:15Z">
          <reporter-output>
          </reporter-output>
        </test-method> <!-- setup -->
        <test-method status="PASS" signature="testOneGoogle()[pri:0, instance:tests.One@5223e5ee]" name="testOneGoogle" duration-ms="4645" started-at="2023-06-14T16:50:15Z" finished-at="2023-06-14T16:50:19Z">
          <reporter-output>
          </reporter-output>
        </test-method> <!-- testOneGoogle -->
        <test-method status="PASS" signature="tearDown()[pri:0, instance:tests.One@5223e5ee]" name="tearDown" is-config="true" duration-ms="1245" started-at="2023-06-14T16:50:19Z" finished-at="2023-06-14T16:50:20Z">
          <reporter-output>
          </reporter-output>
        </test-method> <!-- tearDown -->
        <test-method status="PASS" signature="setup()[pri:0, instance:tests.One@5223e5ee]" name="setup" is-config="true" duration-ms="2008" started-at="2023-06-14T16:50:20Z" finished-at="2023-06-14T16:50:23Z">
          <reporter-output>
          </reporter-output>
        </test-method> <!-- setup -->
        <test-method status="PASS" signature="testOneYoutube()[pri:0, instance:tests.One@5223e5ee]" name="testOneYoutube" duration-ms="11176" started-at="2023-06-14T16:50:23Z" finished-at="2023-06-14T16:50:34Z">
          <reporter-output>
          </reporter-output>
        </test-method> <!-- testOneYoutube -->
        <test-method status="PASS" signature="tearDown()[pri:0, instance:tests.One@5223e5ee]" name="tearDown" is-config="true" duration-ms="1374" started-at="2023-06-14T16:50:34Z" finished-at="2023-06-14T16:50:35Z">
          <reporter-output>
          </reporter-output>
        </test-method> <!-- tearDown -->
      </class> <!-- tests.One -->
      <class name="tests.Four">
        <test-method status="PASS" signature="setup()[pri:0, instance:tests.Four@78b66d36]" name="setup" is-config="true" duration-ms="7091" started-at="2023-06-14T16:49:52Z" finished-at="2023-06-14T16:49:59Z">
          <reporter-output>
          </reporter-output>
        </test-method> <!-- setup -->
        <test-method status="PASS" signature="testFour()[pri:0, instance:tests.Four@78b66d36]" name="testFour" duration-ms="4801" started-at="2023-06-14T16:49:59Z" finished-at="2023-06-14T16:50:04Z">
          <reporter-output>
          </reporter-output>
        </test-method> <!-- testFour -->
        <test-method status="PASS" signature="tearDown()[pri:0, instance:tests.Four@78b66d36]" name="tearDown" is-config="true" duration-ms="834" started-at="2023-06-14T16:50:04Z" finished-at="2023-06-14T16:50:05Z">
          <reporter-output>
          </reporter-output>
        </test-method> <!-- tearDown -->
      </class> <!-- tests.Four -->
    </test> <!-- Test -->
  </suite> <!-- Suite -->
</testng-results>
